# JRE version: Java(TM) SE Runtime Environment (9.0+11) (build 9.0.4+11)
# Java VM: Java HotSpot(TM) 64-Bit Server VM (9.0.4+11, mixed mode, tiered, compressed oops, g1 gc, windows-amd64)
Heap:
 garbage-first heap   total 193536K, used 70031K [0x0000000700000000, 0x00000007001005e8, 0x00000007c0000000)
  region size 1024K, 12 young (12288K), 3 survivors (3072K)
 Metaspace       used 79453K, capacity 85221K, committed 85456K, reserved 1122304K
  class space    used 10970K, capacity 11987K, committed 12032K, reserved 1048576K
GC Heap History (10 events):
Event: 1072.039 GC heap before
{Heap before GC invocations=114 (full 3):
 garbage-first heap   total 193536K, used 119650K [0x0000000700000000, 0x00000007001005e8, 0x00000007c0000000)
  region size 1024K, 60 young (61440K), 4 survivors (4096K)
 Metaspace       used 79384K, capacity 85093K, committed 85200K, reserved 1122304K
  class space    used 10970K, capacity 11987K, committed 12032K, reserved 1048576K
}
Event: 1072.054 GC heap after
{Heap after GC invocations=115 (full 3):
 garbage-first heap   total 193536K, used 61758K [0x0000000700000000, 0x00000007001005e8, 0x00000007c0000000)
  region size 1024K, 3 young (3072K), 3 survivors (3072K)
 Metaspace       used 79384K, capacity 85093K, committed 85200K, reserved 1122304K
  class space    used 10970K, capacity 11987K, committed 12032K, reserved 1048576K
}
Event: 1072.906 GC heap before
{Heap before GC invocations=115 (full 3):
 garbage-first heap   total 193536K, used 120126K [0x0000000700000000, 0x00000007001005e8, 0x00000007c0000000)
  region size 1024K, 60 young (61440K), 3 survivors (3072K)
 Metaspace       used 79418K, capacity 85221K, committed 85456K, reserved 1122304K
  class space    used 10970K, capacity 11987K, committed 12032K, reserved 1048576K
}
Event: 1072.917 GC heap after
{Heap after GC invocations=116 (full 3):
 garbage-first heap   total 193536K, used 62011K [0x0000000700000000, 0x00000007001005e8, 0x00000007c0000000)
  region size 1024K, 3 young (3072K), 3 survivors (3072K)
 Metaspace       used 79418K, capacity 85221K, committed 85456K, reserved 1122304K
  class space    used 10970K, capacity 11987K, committed 12032K, reserved 1048576K
}
Event: 1073.624 GC heap before
{Heap before GC invocations=116 (full 3):
 garbage-first heap   total 193536K, used 120379K [0x0000000700000000, 0x00000007001005e8, 0x00000007c0000000)
  region size 1024K, 60 young (61440K), 3 survivors (3072K)
 Metaspace       used 79429K, capacity 85221K, committed 85456K, reserved 1122304K
  class space    used 10970K, capacity 11987K, committed 12032K, reserved 1048576K
}
Event: 1073.638 GC heap after
{Heap after GC invocations=117 (full 3):
 garbage-first heap   total 193536K, used 62456K [0x0000000700000000, 0x00000007001005e8, 0x00000007c0000000)
  region size 1024K, 3 young (3072K), 3 survivors (3072K)
 Metaspace       used 79429K, capacity 85221K, committed 85456K, reserved 1122304K
  class space    used 10970K, capacity 11987K, committed 12032K, reserved 1048576K
}
Event: 1077.371 GC heap before
{Heap before GC invocations=117 (full 3):
 garbage-first heap   total 193536K, used 120824K [0x0000000700000000, 0x00000007001005e8, 0x00000007c0000000)
  region size 1024K, 60 young (61440K), 3 survivors (3072K)
 Metaspace       used 79445K, capacity 85221K, committed 85456K, reserved 1122304K
  class space    used 10970K, capacity 11987K, committed 12032K, reserved 1048576K
}
Event: 1077.383 GC heap after
{Heap after GC invocations=118 (full 3):
 garbage-first heap   total 193536K, used 62353K [0x0000000700000000, 0x00000007001005e8, 0x00000007c0000000)
  region size 1024K, 3 young (3072K), 3 survivors (3072K)
 Metaspace       used 79445K, capacity 85221K, committed 85456K, reserved 1122304K
  class space    used 10970K, capacity 11987K, committed 12032K, reserved 1048576K
}
Event: 1077.804 GC heap before
{Heap before GC invocations=118 (full 3):
 garbage-first heap   total 193536K, used 120721K [0x0000000700000000, 0x00000007001005e8, 0x00000007c0000000)
  region size 1024K, 60 young (61440K), 3 survivors (3072K)
 Metaspace       used 79453K, capacity 85221K, committed 85456K, reserved 1122304K
  class space    used 10970K, capacity 11987K, committed 12032K, reserved 1048576K
}
Event: 1077.822 GC heap after
{Heap after GC invocations=119 (full 3):
 garbage-first heap   total 193536K, used 61839K [0x0000000700000000, 0x00000007001005e8, 0x00000007c0000000)
  region size 1024K, 3 young (3072K), 3 survivors (3072K)
 Metaspace       used 79453K, capacity 85221K, committed 85456K, reserved 1122304K
  class space    used 10970K, capacity 11987K, committed 12032K, reserved 1048576K
}

